<?xml version="1.0" encoding="UTF-8"?>
<!-- Generated by org.testng.reporters.JUnitXMLReporter -->
<testsuite hostname="nirmal" name="Default test" tests="7" failures="0" timestamp="9 Feb 2013 13:24:17 GMT" time="0.331" errors="0">
  <testcase name="testApply" time="0.069" classname="org.jclouds.vcloud.functions.ParseLoginResponseFromHeadersTest"/>
  <testcase name="testApplyBlueLock" time="0.0020" classname="org.jclouds.vcloud.functions.ParseLoginResponseFromHeadersTest"/>
  <testcase name="testApplyTerremark" time="0.0060" classname="org.jclouds.vcloud.functions.ParseLoginResponseFromHeadersTest"/>
  <testcase name="testApplyTerremarkMultipleCookies" time="0.0020" classname="org.jclouds.vcloud.functions.ParseLoginResponseFromHeadersTest"/>
  <testcase name="testApplyVirtacore" time="0.0020" classname="org.jclouds.vcloud.functions.ParseLoginResponseFromHeadersTest"/>
  <testcase name="testNoThrowsHttpResponseException" time="0.0030" classname="org.jclouds.vcloud.functions.ParseLoginResponseFromHeadersTest"/>
  <testcase name="testUnmatchedCookieThrowsHttpResponseException" time="0.0010" classname="org.jclouds.vcloud.functions.ParseLoginResponseFromHeadersTest"/>
</testsuite>
