<html>
<head>
<title>TestNG:  Default test</title>
<link href="../testng.css" rel="stylesheet" type="text/css" />
<link href="../my-testng.css" rel="stylesheet" type="text/css" />

<style type="text/css">
.log { display: none;} 
.stack-trace { display: none;} 
</style>
<script type="text/javascript">
<!--
function flip(e) {
  current = e.style.display;
  if (current == 'block') {
    e.style.display = 'none';
    return 0;
  }
  else {
    e.style.display = 'block';
    return 1;
  }
}

function toggleBox(szDivId, elem, msg1, msg2)
{
  var res = -1;  if (document.getElementById) {
    res = flip(document.getElementById(szDivId));
  }
  else if (document.all) {
    // this is the way old msie versions work
    res = flip(document.all[szDivId]);
  }
  if(elem) {
    if(res == 0) elem.innerHTML = msg1; else elem.innerHTML = msg2;
  }

}

function toggleAllBoxes() {
  if (document.getElementsByTagName) {
    d = document.getElementsByTagName('div');
    for (i = 0; i < d.length; i++) {
      if (d[i].className == 'log') {
        flip(d[i]);
      }
    }
  }
}

// -->
</script>

</head>
<body>
<h2 align='center'>Default test</h2><table border='1' align="center">
<tr>
<td>Tests passed/Failed/Skipped:</td><td>7/0/0</td>
</tr><tr>
<td>Started on:</td><td>Sat Feb 09 18:54:17 IST 2013</td>
</tr>
<tr><td>Total time:</td><td>0 seconds (331 ms)</td>
</tr><tr>
<td>Included groups:</td><td></td>
</tr><tr>
<td>Excluded groups:</td><td></td>
</tr>
</table><p/>
<small><i>(Hover the method name to see the test class name)</i></small><p/>
<table width='100%' border='1' class='invocation-passed'>
<tr><td colspan='4' align='center'><b>PASSED TESTS</b></td></tr>
<tr><td><b>Test method</b></td>
<td width="30%"><b>Exception</b></td>
<td width="10%"><b>Time (seconds)</b></td>
<td><b>Instance</b></td>
</tr>
<tr>
<td title='org.jclouds.vcloud.functions.ParseLoginResponseFromHeadersTest.testApply()'><b>testApply</b><br>Test class: org.jclouds.vcloud.functions.ParseLoginResponseFromHeadersTest</td>
<td></td>
<td>0</td>
<td>org.jclouds.vcloud.functions.ParseLoginResponseFromHeadersTest@65b60280</td></tr>
<tr>
<td title='org.jclouds.vcloud.functions.ParseLoginResponseFromHeadersTest.testApplyBlueLock()'><b>testApplyBlueLock</b><br>Test class: org.jclouds.vcloud.functions.ParseLoginResponseFromHeadersTest</td>
<td></td>
<td>0</td>
<td>org.jclouds.vcloud.functions.ParseLoginResponseFromHeadersTest@65b60280</td></tr>
<tr>
<td title='org.jclouds.vcloud.functions.ParseLoginResponseFromHeadersTest.testApplyTerremark()'><b>testApplyTerremark</b><br>Test class: org.jclouds.vcloud.functions.ParseLoginResponseFromHeadersTest</td>
<td></td>
<td>0</td>
<td>org.jclouds.vcloud.functions.ParseLoginResponseFromHeadersTest@65b60280</td></tr>
<tr>
<td title='org.jclouds.vcloud.functions.ParseLoginResponseFromHeadersTest.testApplyTerremarkMultipleCookies()'><b>testApplyTerremarkMultipleCookies</b><br>Test class: org.jclouds.vcloud.functions.ParseLoginResponseFromHeadersTest</td>
<td></td>
<td>0</td>
<td>org.jclouds.vcloud.functions.ParseLoginResponseFromHeadersTest@65b60280</td></tr>
<tr>
<td title='org.jclouds.vcloud.functions.ParseLoginResponseFromHeadersTest.testApplyVirtacore()'><b>testApplyVirtacore</b><br>Test class: org.jclouds.vcloud.functions.ParseLoginResponseFromHeadersTest</td>
<td></td>
<td>0</td>
<td>org.jclouds.vcloud.functions.ParseLoginResponseFromHeadersTest@65b60280</td></tr>
<tr>
<td title='org.jclouds.vcloud.functions.ParseLoginResponseFromHeadersTest.testNoThrowsHttpResponseException()'><b>testNoThrowsHttpResponseException</b><br>Test class: org.jclouds.vcloud.functions.ParseLoginResponseFromHeadersTest</td>
<td><div><pre>org.jclouds.http.HttpResponseException: Header x-vcloud-authorization or Set-Cookie must be present
	at org.jclouds.vcloud.functions.ParseLoginResponseFromHeaders.parseTokenFromHeaders(ParseLoginResponseFromHeaders.java:102)
	at org.jclouds.vcloud.functions.ParseLoginResponseFromHeaders.apply(ParseLoginResponseFromHeaders.java:70)
	at org.jclouds.vcloud.functions.ParseLoginResponseFromHeadersTest.testNoThrowsHttpResponseException(ParseLoginResponseFromHeadersTest.java:132)
	at sun.reflect.NativeMethodAccessorImpl.invoke0(Native Method)
	at sun.reflect.NativeMethodAccessorImpl.invoke(NativeMethodAccessorImpl.java:39)
	at sun.reflect.DelegatingMethodAccessorImpl.invoke(DelegatingMethodAccessorImpl.java:25)
	at java.lang.reflect.Method.invoke(Method.java:597)
	at org.testng.internal.MethodInvocationHelper.invokeMethod(MethodInvocationHelper.java:80)
	at org.testng.internal.Invoker.invokeMethod(Invoker.java:691)
	at org.testng.internal.Invoker.invokeTestMethod(Invoker.java:883)
	at org.testng.internal.Invoker.invokeTestMethods(Invoker.java:1208)
	at org.testng.internal.TestMethodWorker.invokeTestMethods(TestMethodWorker.java:127)
	at org.testng.internal.TestMethodWorker.run(TestMethodWorker.java:111)
	at org.testng.TestRunner.privateRun(TestRunner.java:758)
	at org.testng.TestRunner.run(TestRunner.java:613)
	at org.testng.SuiteRunner.runTest(SuiteRunner.java:334)
	at org.testng.SuiteRunner.runSequentially(SuiteRunner.java:329)
	at org.testng.SuiteRunner.privateRun(SuiteRunner.java:291)
	at org.testng.SuiteRunner.run(SuiteRunner.java:240)
	at org.testng.SuiteRunnerWorker.runSuite(SuiteRunnerWorker.java:53)
	at org.testng.SuiteRunnerWorker.run(SuiteRunnerWorker.java:87)
	at org.testng.TestNG.runSuitesSequentially(TestNG.java:1142)
	at org.testng.TestNG.runSuitesLocally(TestNG.java:1067)
	at org.testng.TestNG.run(TestNG.java:979)
	at org.testng.remote.RemoteTestNG.run(RemoteTestNG.java:109)
	at org.testng.remote.RemoteTestNG.initAndRun(RemoteTestNG.java:202)
	at org.testng.remote.RemoteTestNG.main(RemoteTestNG.java:173)
</pre></div><a href='#' onClick='toggleBox("stack-trace1656942101", this, "Click to show all stack frames", "Click to hide stack frames")'>Click to show all stack frames</a>
<div class='stack-trace' id='stack-trace1656942101'><pre>org.jclouds.http.HttpResponseException: Header x-vcloud-authorization or Set-Cookie must be present
	at org.jclouds.vcloud.functions.ParseLoginResponseFromHeaders.parseTokenFromHeaders(ParseLoginResponseFromHeaders.java:102)
	at org.jclouds.vcloud.functions.ParseLoginResponseFromHeaders.apply(ParseLoginResponseFromHeaders.java:70)
	at org.jclouds.vcloud.functions.ParseLoginResponseFromHeadersTest.testNoThrowsHttpResponseException(ParseLoginResponseFromHeadersTest.java:132)
	at sun.reflect.NativeMethodAccessorImpl.invoke0(Native Method)
	at sun.reflect.NativeMethodAccessorImpl.invoke(NativeMethodAccessorImpl.java:39)
	at sun.reflect.DelegatingMethodAccessorImpl.invoke(DelegatingMethodAccessorImpl.java:25)
	at java.lang.reflect.Method.invoke(Method.java:597)
	at org.testng.internal.MethodInvocationHelper.invokeMethod(MethodInvocationHelper.java:80)
	at org.testng.internal.Invoker.invokeMethod(Invoker.java:691)
	at org.testng.internal.Invoker.invokeTestMethod(Invoker.java:883)
	at org.testng.internal.Invoker.invokeTestMethods(Invoker.java:1208)
	at org.testng.internal.TestMethodWorker.invokeTestMethods(TestMethodWorker.java:127)
	at org.testng.internal.TestMethodWorker.run(TestMethodWorker.java:111)
	at org.testng.TestRunner.privateRun(TestRunner.java:758)
	at org.testng.TestRunner.run(TestRunner.java:613)
	at org.testng.SuiteRunner.runTest(SuiteRunner.java:334)
	at org.testng.SuiteRunner.runSequentially(SuiteRunner.java:329)
	at org.testng.SuiteRunner.privateRun(SuiteRunner.java:291)
	at org.testng.SuiteRunner.run(SuiteRunner.java:240)
	at org.testng.SuiteRunnerWorker.runSuite(SuiteRunnerWorker.java:53)
	at org.testng.SuiteRunnerWorker.run(SuiteRunnerWorker.java:87)
	at org.testng.TestNG.runSuitesSequentially(TestNG.java:1142)
	at org.testng.TestNG.runSuitesLocally(TestNG.java:1067)
	at org.testng.TestNG.run(TestNG.java:979)
	at org.testng.remote.RemoteTestNG.run(RemoteTestNG.java:109)
	at org.testng.remote.RemoteTestNG.initAndRun(RemoteTestNG.java:202)
	at org.testng.remote.RemoteTestNG.main(RemoteTestNG.java:173)
</pre></div></td>
<td>0</td>
<td>org.jclouds.vcloud.functions.ParseLoginResponseFromHeadersTest@65b60280</td></tr>
<tr>
<td title='org.jclouds.vcloud.functions.ParseLoginResponseFromHeadersTest.testUnmatchedCookieThrowsHttpResponseException()'><b>testUnmatchedCookieThrowsHttpResponseException</b><br>Test class: org.jclouds.vcloud.functions.ParseLoginResponseFromHeadersTest</td>
<td><div><pre>org.jclouds.http.HttpResponseException: Header x-vcloud-authorization or Set-Cookie must be present
	at org.jclouds.vcloud.functions.ParseLoginResponseFromHeaders.parseTokenFromHeaders(ParseLoginResponseFromHeaders.java:102)
	at org.jclouds.vcloud.functions.ParseLoginResponseFromHeaders.apply(ParseLoginResponseFromHeaders.java:70)
	at org.jclouds.vcloud.functions.ParseLoginResponseFromHeadersTest.testUnmatchedCookieThrowsHttpResponseException(ParseLoginResponseFromHeadersTest.java:122)
	at sun.reflect.NativeMethodAccessorImpl.invoke0(Native Method)
	at sun.reflect.NativeMethodAccessorImpl.invoke(NativeMethodAccessorImpl.java:39)
	at sun.reflect.DelegatingMethodAccessorImpl.invoke(DelegatingMethodAccessorImpl.java:25)
	at java.lang.reflect.Method.invoke(Method.java:597)
	at org.testng.internal.MethodInvocationHelper.invokeMethod(MethodInvocationHelper.java:80)
	at org.testng.internal.Invoker.invokeMethod(Invoker.java:691)
	at org.testng.internal.Invoker.invokeTestMethod(Invoker.java:883)
	at org.testng.internal.Invoker.invokeTestMethods(Invoker.java:1208)
	at org.testng.internal.TestMethodWorker.invokeTestMethods(TestMethodWorker.java:127)
	at org.testng.internal.TestMethodWorker.run(TestMethodWorker.java:111)
	at org.testng.TestRunner.privateRun(TestRunner.java:758)
	at org.testng.TestRunner.run(TestRunner.java:613)
	at org.testng.SuiteRunner.runTest(SuiteRunner.java:334)
	at org.testng.SuiteRunner.runSequentially(SuiteRunner.java:329)
	at org.testng.SuiteRunner.privateRun(SuiteRunner.java:291)
	at org.testng.SuiteRunner.run(SuiteRunner.java:240)
	at org.testng.SuiteRunnerWorker.runSuite(SuiteRunnerWorker.java:53)
	at org.testng.SuiteRunnerWorker.run(SuiteRunnerWorker.java:87)
	at org.testng.TestNG.runSuitesSequentially(TestNG.java:1142)
	at org.testng.TestNG.runSuitesLocally(TestNG.java:1067)
	at org.testng.TestNG.run(TestNG.java:979)
	at org.testng.remote.RemoteTestNG.run(RemoteTestNG.java:109)
	at org.testng.remote.RemoteTestNG.initAndRun(RemoteTestNG.java:202)
	at org.testng.remote.RemoteTestNG.main(RemoteTestNG.java:173)
</pre></div><a href='#' onClick='toggleBox("stack-trace1908393212", this, "Click to show all stack frames", "Click to hide stack frames")'>Click to show all stack frames</a>
<div class='stack-trace' id='stack-trace1908393212'><pre>org.jclouds.http.HttpResponseException: Header x-vcloud-authorization or Set-Cookie must be present
	at org.jclouds.vcloud.functions.ParseLoginResponseFromHeaders.parseTokenFromHeaders(ParseLoginResponseFromHeaders.java:102)
	at org.jclouds.vcloud.functions.ParseLoginResponseFromHeaders.apply(ParseLoginResponseFromHeaders.java:70)
	at org.jclouds.vcloud.functions.ParseLoginResponseFromHeadersTest.testUnmatchedCookieThrowsHttpResponseException(ParseLoginResponseFromHeadersTest.java:122)
	at sun.reflect.NativeMethodAccessorImpl.invoke0(Native Method)
	at sun.reflect.NativeMethodAccessorImpl.invoke(NativeMethodAccessorImpl.java:39)
	at sun.reflect.DelegatingMethodAccessorImpl.invoke(DelegatingMethodAccessorImpl.java:25)
	at java.lang.reflect.Method.invoke(Method.java:597)
	at org.testng.internal.MethodInvocationHelper.invokeMethod(MethodInvocationHelper.java:80)
	at org.testng.internal.Invoker.invokeMethod(Invoker.java:691)
	at org.testng.internal.Invoker.invokeTestMethod(Invoker.java:883)
	at org.testng.internal.Invoker.invokeTestMethods(Invoker.java:1208)
	at org.testng.internal.TestMethodWorker.invokeTestMethods(TestMethodWorker.java:127)
	at org.testng.internal.TestMethodWorker.run(TestMethodWorker.java:111)
	at org.testng.TestRunner.privateRun(TestRunner.java:758)
	at org.testng.TestRunner.run(TestRunner.java:613)
	at org.testng.SuiteRunner.runTest(SuiteRunner.java:334)
	at org.testng.SuiteRunner.runSequentially(SuiteRunner.java:329)
	at org.testng.SuiteRunner.privateRun(SuiteRunner.java:291)
	at org.testng.SuiteRunner.run(SuiteRunner.java:240)
	at org.testng.SuiteRunnerWorker.runSuite(SuiteRunnerWorker.java:53)
	at org.testng.SuiteRunnerWorker.run(SuiteRunnerWorker.java:87)
	at org.testng.TestNG.runSuitesSequentially(TestNG.java:1142)
	at org.testng.TestNG.runSuitesLocally(TestNG.java:1067)
	at org.testng.TestNG.run(TestNG.java:979)
	at org.testng.remote.RemoteTestNG.run(RemoteTestNG.java:109)
	at org.testng.remote.RemoteTestNG.initAndRun(RemoteTestNG.java:202)
	at org.testng.remote.RemoteTestNG.main(RemoteTestNG.java:173)
</pre></div></td>
<td>0</td>
<td>org.jclouds.vcloud.functions.ParseLoginResponseFromHeadersTest@65b60280</td></tr>
</table><p>
</body>
</html>